Thu Mar 27 16:56:04 2025 - Opened database successfully

Thu Mar 27 16:56:04 2025 - Table created successfully

Thu Mar 27 16:56:04 2025 - Table created successfully

Thu Mar 27 16:56:04 2025 - Table created successfully

Thu Mar 27 16:56:04 2025 - Table created successfully

Thu Mar 27 16:56:04 2025 - Table created successfully

Thu Mar 27 16:56:04 2025 - Base de datos cerrada

Thu Mar 27 16:56:04 2025 - Opened database successfully

Thu Mar 27 16:56:04 2025 - Base de datos cerrada

Thu Mar 27 16:56:04 2025 - Opened database successfully

Thu Mar 27 16:56:04 2025 - Error al insertar administrador: UNIQUE constraint failed: Administrador.email_admin

Thu Mar 27 16:56:04 2025 - Opened database successfully

Thu Mar 27 16:56:04 2025 - Usuario insertado correctamente.

Thu Mar 27 16:56:04 2025 - Opened database successfully

Thu Mar 27 16:56:04 2025 - Phone number updated successfully for chaff@em.com to 123456789.

Thu Mar 27 16:56:04 2025 - Opened database successfully

Thu Mar 27 16:56:04 2025 - User name updated successfully for chaff@em.com to ChaffBobo.

Thu Mar 27 17:21:48 2025 - Opened database successfully

Thu Mar 27 17:21:48 2025 - Table created successfully

Thu Mar 27 17:21:48 2025 - Table created successfully

Thu Mar 27 17:21:48 2025 - Table created successfully

Thu Mar 27 17:21:48 2025 - Table created successfully

Thu Mar 27 17:21:48 2025 - Table created successfully

Thu Mar 27 17:21:48 2025 - Base de datos cerrada

Thu Mar 27 17:21:48 2025 - Opened database successfully

Thu Mar 27 17:21:48 2025 - Base de datos cerrada

Thu Mar 27 17:21:48 2025 - Opened database successfully

Thu Mar 27 17:21:48 2025 - Error al insertar administrador: UNIQUE constraint failed: Administrador.email_admin

Thu Mar 27 17:21:48 2025 - Opened database successfully

Thu Mar 27 17:21:48 2025 - Error al insertar Usuario: UNIQUE constraint failed: Usuario.email_usuario

Thu Mar 27 17:21:48 2025 - Opened database successfully

Thu Mar 27 17:21:48 2025 - Phone number updated successfully for chaff@em.com to 123456789.

Thu Mar 27 17:21:48 2025 - Opened database successfully

Thu Mar 27 17:21:48 2025 - User name updated successfully for chaff@em.com to ChaffBobo.

Thu Mar 27 17:21:48 2025 - Opened database successfully

Thu Mar 27 17:21:48 2025 - Usuario con email chaff@em.com eliminado correctamente.

Thu Mar 27 17:22:21 2025 - Opened database successfully

Thu Mar 27 17:22:21 2025 - Table created successfully

Thu Mar 27 17:22:21 2025 - Table created successfully

Thu Mar 27 17:22:21 2025 - Table created successfully

Thu Mar 27 17:22:21 2025 - Table created successfully

Thu Mar 27 17:22:21 2025 - Table created successfully

Thu Mar 27 17:22:21 2025 - Base de datos cerrada

Thu Mar 27 17:22:21 2025 - Opened database successfully

Thu Mar 27 17:22:21 2025 - Base de datos cerrada

Thu Mar 27 17:22:21 2025 - Opened database successfully

Thu Mar 27 17:22:21 2025 - Error al insertar administrador: UNIQUE constraint failed: Administrador.email_admin

Thu Mar 27 17:22:21 2025 - Opened database successfully

Thu Mar 27 17:22:21 2025 - Usuario insertado correctamente.

Thu Mar 27 17:22:21 2025 - Opened database successfully

Thu Mar 27 17:22:21 2025 - Phone number updated successfully for chaff@em.com to 123456789.

Thu Mar 27 17:22:21 2025 - Opened database successfully

Thu Mar 27 17:22:21 2025 - User name updated successfully for chaff@em.com to ChaffBobo.

Thu Mar 27 17:22:21 2025 - Opened database successfully

Thu Mar 27 17:22:21 2025 - Usuario con email chaff@em.com eliminado correctamente.

Thu Mar 27 19:51:59 2025 - Opened database successfully

Thu Mar 27 19:51:59 2025 - Table created successfully

Thu Mar 27 19:51:59 2025 - Table created successfully

Thu Mar 27 19:51:59 2025 - Table created successfully

Thu Mar 27 19:51:59 2025 - Table created successfully

Thu Mar 27 19:51:59 2025 - Table created successfully

Thu Mar 27 19:51:59 2025 - Base de datos cerrada

Thu Mar 27 19:51:59 2025 - Opened database successfully

Thu Mar 27 19:51:59 2025 - Base de datos cerrada

Thu Mar 27 19:51:59 2025 - Opened database successfully

Thu Mar 27 19:51:59 2025 - Error al insertar administrador: UNIQUE constraint failed: Administrador.email_admin

Thu Mar 27 19:51:59 2025 - Opened database successfully

Thu Mar 27 19:51:59 2025 - Usuario insertado correctamente.

Thu Mar 27 19:51:59 2025 - Opened database successfully

Thu Mar 27 19:51:59 2025 - Phone number updated successfully for chaff@em.com to 123456789.

Thu Mar 27 19:51:59 2025 - Opened database successfully

Thu Mar 27 19:51:59 2025 - User name updated successfully for chaff@em.com to ChaffBobo.

Thu Mar 27 19:51:59 2025 - Opened database successfully

Thu Mar 27 19:51:59 2025 - Usuario con email chaff@em.com eliminado correctamente.

Thu Mar 27 19:52:48 2025 - Opened database successfully

Thu Mar 27 19:52:48 2025 - Table created successfully

Thu Mar 27 19:52:48 2025 - Table created successfully

Thu Mar 27 19:52:48 2025 - Table created successfully

Thu Mar 27 19:52:48 2025 - Table created successfully

Thu Mar 27 19:52:48 2025 - Table created successfully

Thu Mar 27 19:52:48 2025 - Base de datos cerrada

Thu Mar 27 19:52:48 2025 - Opened database successfully

Thu Mar 27 19:52:48 2025 - Base de datos cerrada

Thu Mar 27 19:52:48 2025 - Opened database successfully

Thu Mar 27 19:52:48 2025 - Error al insertar administrador: UNIQUE constraint failed: Administrador.email_admin

Thu Mar 27 19:52:48 2025 - Opened database successfully

Thu Mar 27 19:52:48 2025 - Usuario insertado correctamente.

Thu Mar 27 19:52:48 2025 - Opened database successfully

Thu Mar 27 19:52:48 2025 - Phone number updated successfully for chaff@em.com to 123456789.

Thu Mar 27 19:52:48 2025 - Opened database successfully

Thu Mar 27 19:52:48 2025 - User name updated successfully for chaff@em.com to ChaffBobo.

Thu Mar 27 19:52:48 2025 - Opened database successfully

Thu Mar 27 19:52:48 2025 - Usuario con email chaff@em.com eliminado correctamente.

Thu Mar 27 19:54:22 2025 - Opened database successfully

Thu Mar 27 19:54:22 2025 - Table created successfully

Thu Mar 27 19:54:22 2025 - Table created successfully

Thu Mar 27 19:54:22 2025 - Table created successfully

Thu Mar 27 19:54:22 2025 - Table created successfully

Thu Mar 27 19:54:22 2025 - Table created successfully

Thu Mar 27 19:54:22 2025 - Base de datos cerrada

Thu Mar 27 19:54:22 2025 - Opened database successfully

Thu Mar 27 19:54:22 2025 - Base de datos cerrada

Thu Mar 27 19:54:22 2025 - Opened database successfully

Thu Mar 27 19:54:22 2025 - Error al insertar administrador: UNIQUE constraint failed: Administrador.email_admin

Thu Mar 27 19:54:22 2025 - Opened database successfully

Thu Mar 27 19:54:22 2025 - Usuario insertado correctamente.

Thu Mar 27 19:54:22 2025 - Opened database successfully

Thu Mar 27 19:54:22 2025 - Phone number updated successfully for chaff@em.com to 123456789.

Thu Mar 27 19:54:22 2025 - Opened database successfully

Thu Mar 27 19:54:22 2025 - User name updated successfully for chaff@em.com to ChaffBobo.

Thu Mar 27 19:54:22 2025 - Opened database successfully

Thu Mar 27 19:54:22 2025 - Usuario con email chaff@em.com eliminado correctamente.

Thu Mar 27 20:12:55 2025 - Opened database successfully

Thu Mar 27 20:12:55 2025 - Table created successfully

Thu Mar 27 20:12:55 2025 - Table created successfully

Thu Mar 27 20:12:55 2025 - Table created successfully

Thu Mar 27 20:12:55 2025 - Table created successfully

Thu Mar 27 20:12:55 2025 - Table created successfully

Thu Mar 27 20:12:55 2025 - Base de datos cerrada

Thu Mar 27 20:12:55 2025 - Opened database successfully

Thu Mar 27 20:12:55 2025 - Base de datos cerrada

Thu Mar 27 20:12:55 2025 - Opened database successfully

Thu Mar 27 20:12:55 2025 - Error al insertar administrador: UNIQUE constraint failed: Administrador.email_admin

Thu Mar 27 20:12:55 2025 - Opened database successfully

Thu Mar 27 20:12:55 2025 - Usuario insertado correctamente.

Thu Mar 27 20:12:55 2025 - Opened database successfully

Thu Mar 27 20:12:55 2025 - Phone number updated successfully for chaff@em.com to 123456789.

Thu Mar 27 20:12:55 2025 - Opened database successfully

Thu Mar 27 20:12:55 2025 - User name updated successfully for chaff@em.com to ChaffBobo.

Thu Mar 27 20:12:55 2025 - Opened database successfully

Thu Mar 27 20:12:55 2025 - Usuario con email chaff@em.com eliminado correctamente.

Thu Mar 27 21:30:34 2025 - Opened database successfully

Thu Mar 27 21:30:34 2025 - Table created successfully

Thu Mar 27 21:30:34 2025 - Table created successfully

Thu Mar 27 21:30:34 2025 - Table created successfully

Thu Mar 27 21:30:34 2025 - Table created successfully

Thu Mar 27 21:30:34 2025 - Table created successfully

Thu Mar 27 21:30:34 2025 - Base de datos cerrada

Thu Mar 27 21:30:34 2025 - Opened database successfully

Thu Mar 27 21:30:34 2025 - Base de datos cerrada

Thu Mar 27 21:30:34 2025 - Opened database successfully

Thu Mar 27 21:30:34 2025 - Administrador insertado correctamente.

Thu Mar 27 21:30:34 2025 - Opened database successfully

Thu Mar 27 21:30:34 2025 - Usuario insertado correctamente.

Thu Mar 27 21:30:34 2025 - Opened database successfully

Thu Mar 27 21:30:34 2025 - Phone number updated successfully for chaff@em.com to 123456789.

Thu Mar 27 21:30:34 2025 - Opened database successfully

Thu Mar 27 21:30:34 2025 - User name updated successfully for chaff@em.com to ChaffBobo.

Thu Mar 27 21:30:34 2025 - Opened database successfully

Thu Mar 27 21:30:35 2025 - Usuario con email chaff@em.com eliminado correctamente.

Thu Mar 27 21:43:53 2025 - Opened database successfully

Thu Mar 27 21:43:53 2025 - Table created successfully

Thu Mar 27 21:43:53 2025 - Table created successfully

Thu Mar 27 21:43:53 2025 - Table created successfully

Thu Mar 27 21:43:53 2025 - Table created successfully

Thu Mar 27 21:43:53 2025 - Table created successfully

Thu Mar 27 21:43:53 2025 - Base de datos cerrada

Thu Mar 27 21:43:53 2025 - Opened database successfully

Thu Mar 27 21:43:53 2025 - Base de datos cerrada

Thu Mar 27 21:43:53 2025 - Opened database successfully

Thu Mar 27 21:43:53 2025 - Error al insertar administrador: UNIQUE constraint failed: Administrador.email_admin

Thu Mar 27 21:43:53 2025 - Opened database successfully

Thu Mar 27 21:43:53 2025 - Usuario insertado correctamente.

Thu Mar 27 21:43:53 2025 - Opened database successfully

Thu Mar 27 21:43:53 2025 - Phone number updated successfully for xabier@gem.com to 123456789.

Thu Mar 27 21:43:53 2025 - Opened database successfully

Thu Mar 27 21:43:53 2025 - User name updated successfully for xabier@gem.com to xabi.

Thu Mar 27 21:43:53 2025 - Opened database successfully

Thu Mar 27 21:43:53 2025 - Usuario con email xabier@gem.com eliminado correctamente.

<<<<<<< HEAD
Thu Mar 27 21:50:58 2025 - Opened database successfully

Thu Mar 27 21:50:58 2025 - Table created successfully

Thu Mar 27 21:50:58 2025 - Table created successfully

Thu Mar 27 21:50:58 2025 - Table created successfully

Thu Mar 27 21:50:58 2025 - Table created successfully

Thu Mar 27 21:50:58 2025 - Table created successfully

Thu Mar 27 21:50:58 2025 - Base de datos cerrada

Thu Mar 27 21:50:58 2025 - Opened database successfully

Thu Mar 27 21:50:58 2025 - Base de datos cerrada

Thu Mar 27 21:50:58 2025 - Opened database successfully

Thu Mar 27 21:50:58 2025 - Error al insertar administrador: UNIQUE constraint failed: Administrador.email_admin

Thu Mar 27 21:50:58 2025 - Opened database successfully

Thu Mar 27 21:50:58 2025 - Usuario insertado correctamente.

Thu Mar 27 21:50:58 2025 - Opened database successfully

Thu Mar 27 21:50:58 2025 - Phone number updated successfully for xabier@gem.com to 123456789.

Thu Mar 27 21:50:58 2025 - Opened database successfully

Thu Mar 27 21:50:58 2025 - User name updated successfully for xabier@gem.com to xabi.

Thu Mar 27 21:50:58 2025 - Opened database successfully

Thu Mar 27 21:50:58 2025 - Usuario con email xabier@gem.com eliminado correctamente.
=======
Thu Mar 27 23:06:16 2025 - Opened database successfully

Thu Mar 27 23:06:16 2025 - Table created successfully

Thu Mar 27 23:06:16 2025 - Table created successfully

Thu Mar 27 23:06:16 2025 - Table created successfully

Thu Mar 27 23:06:16 2025 - Table created successfully

Thu Mar 27 23:06:16 2025 - Table created successfully

Thu Mar 27 23:06:16 2025 - Base de datos cerrada

Thu Mar 27 23:06:16 2025 - Opened database successfully

Thu Mar 27 23:06:16 2025 - Base de datos cerrada

Thu Mar 27 23:06:16 2025 - Opened database successfully

Thu Mar 27 23:06:16 2025 - Error al insertar administrador: UNIQUE constraint failed: Administrador.email_admin

Thu Mar 27 23:06:16 2025 - Opened database successfully

Thu Mar 27 23:06:16 2025 - Usuario insertado correctamente.

Thu Mar 27 23:06:16 2025 - Opened database successfully

Thu Mar 27 23:06:16 2025 - Phone number updated successfully for xabier@gem.com to 123456789.

Thu Mar 27 23:06:16 2025 - Opened database successfully

Thu Mar 27 23:06:16 2025 - User name updated successfully for xabier@gem.com to xabi.

Thu Mar 27 23:06:16 2025 - Opened database successfully

Thu Mar 27 23:06:16 2025 - Usuario con email xabier@gem.com eliminado correctamente.
>>>>>>> 67517cd60fa8dbe9a524dd42b8576a49fe47d4a9

Fri Mar 28 09:00:34 2025 - Opened database successfully

Fri Mar 28 09:00:34 2025 - Table created successfully

Fri Mar 28 09:00:34 2025 - Table created successfully

Fri Mar 28 09:00:34 2025 - Table created successfully

Fri Mar 28 09:00:34 2025 - Table created successfully

Fri Mar 28 09:00:34 2025 - Table created successfully

Fri Mar 28 09:00:34 2025 - Base de datos cerrada

Fri Mar 28 09:00:34 2025 - Opened database successfully

Fri Mar 28 09:00:34 2025 - Base de datos cerrada

Fri Mar 28 09:00:34 2025 - Opened database successfully

Fri Mar 28 09:00:34 2025 - Error al insertar administrador: UNIQUE constraint failed: Administrador.email_admin

Fri Mar 28 09:00:34 2025 - Opened database successfully

Fri Mar 28 09:00:34 2025 - Usuario insertado correctamente.

Fri Mar 28 09:00:34 2025 - Opened database successfully

Fri Mar 28 09:00:34 2025 - Phone number updated successfully for xabier@gem.com to 123456789.

Fri Mar 28 09:00:34 2025 - Opened database successfully

Fri Mar 28 09:00:34 2025 - User name updated successfully for xabier@gem.com to xabi.

Fri Mar 28 09:00:34 2025 - Opened database successfully

Fri Mar 28 09:00:34 2025 - Usuario con email xabier@gem.com eliminado correctamente.

Fri Mar 28 21:17:07 2025 - Opened database successfully

Fri Mar 28 21:17:07 2025 - Table created successfully

Fri Mar 28 21:17:07 2025 - Table created successfully

Fri Mar 28 21:17:07 2025 - Table created successfully

Fri Mar 28 21:17:07 2025 - Table created successfully

Fri Mar 28 21:17:07 2025 - Table created successfully

Fri Mar 28 21:17:07 2025 - Base de datos cerrada

Fri Mar 28 21:17:07 2025 - Opened database successfully

Fri Mar 28 21:17:07 2025 - Base de datos cerrada

Fri Mar 28 21:17:07 2025 - Opened database successfully

Fri Mar 28 21:17:07 2025 - Error al insertar administrador: UNIQUE constraint failed: Administrador.email_admin

Fri Mar 28 21:17:07 2025 - Opened database successfully

Fri Mar 28 21:17:07 2025 - Usuario insertado correctamente.

Fri Mar 28 21:17:07 2025 - Opened database successfully

Fri Mar 28 21:17:07 2025 - Phone number updated successfully for xabier@gem.com to 123456789.

Fri Mar 28 21:17:07 2025 - Opened database successfully

Fri Mar 28 21:17:07 2025 - User name updated successfully for xabier@gem.com to xabi.

Fri Mar 28 21:17:07 2025 - Opened database successfully

Fri Mar 28 21:17:07 2025 - Usuario con email xabier@gem.com eliminado correctamente.

